# JRE version: Java(TM) SE Runtime Environment (11.0.6+8) (build 11.0.6+8-LTS)
# Java VM: Java HotSpot(TM) 64-Bit Server VM (11.0.6+8-LTS, mixed mode, tiered, compressed oops, g1 gc, windows-amd64)
Heap:
 garbage-first heap   total 415744K, used 133032K [0x0000000080000000, 0x0000000100000000)
  region size 1024K, 2 young (2048K), 2 survivors (2048K)
 Metaspace       used 115556K, capacity 118551K, committed 119888K, reserved 1153024K
  class space    used 14089K, capacity 15082K, committed 15616K, reserved 1048576K
GC Heap History (10 events):
Event: 9640.614 GC heap after
{Heap after GC invocations=165 (full 0):
 garbage-first heap   total 208896K, used 96045K [0x0000000080000000, 0x0000000100000000)
  region size 1024K, 4 young (4096K), 4 survivors (4096K)
 Metaspace       used 115344K, capacity 118317K, committed 119888K, reserved 1153024K
  class space    used 14089K, capacity 15082K, committed 15616K, reserved 1048576K
}
Event: 9640.803 GC heap before
{Heap before GC invocations=166 (full 0):
 garbage-first heap   total 208896K, used 148269K [0x0000000080000000, 0x0000000100000000)
  region size 1024K, 52 young (53248K), 4 survivors (4096K)
 Metaspace       used 115445K, capacity 118385K, committed 119888K, reserved 1153024K
  class space    used 14089K, capacity 15082K, committed 15616K, reserved 1048576K
}
Event: 9640.882 GC heap after
{Heap after GC invocations=167 (full 0):
 garbage-first heap   total 208896K, used 122736K [0x0000000080000000, 0x0000000100000000)
  region size 1024K, 7 young (7168K), 7 survivors (7168K)
 Metaspace       used 115445K, capacity 118385K, committed 119888K, reserved 1153024K
  class space    used 14089K, capacity 15082K, committed 15616K, reserved 1048576K
}
Event: 9641.039 GC heap before
{Heap before GC invocations=167 (full 0):
 garbage-first heap   total 208896K, used 141168K [0x0000000080000000, 0x0000000100000000)
  region size 1024K, 27 young (27648K), 7 survivors (7168K)
 Metaspace       used 115482K, capacity 118457K, committed 119888K, reserved 1153024K
  class space    used 14089K, capacity 15082K, committed 15616K, reserved 1048576K
}
Event: 9641.055 GC heap after
{Heap after GC invocations=168 (full 0):
 garbage-first heap   total 208896K, used 125304K [0x0000000080000000, 0x0000000100000000)
  region size 1024K, 5 young (5120K), 5 survivors (5120K)
 Metaspace       used 115482K, capacity 118457K, committed 119888K, reserved 1153024K
  class space    used 14089K, capacity 15082K, committed 15616K, reserved 1048576K
}
Event: 9641.309 GC heap before
{Heap before GC invocations=169 (full 0):
 garbage-first heap   total 208896K, used 158072K [0x0000000080000000, 0x0000000100000000)
  region size 1024K, 35 young (35840K), 5 survivors (5120K)
 Metaspace       used 115498K, capacity 118459K, committed 119888K, reserved 1153024K
  class space    used 14089K, capacity 15082K, committed 15616K, reserved 1048576K
}
Event: 9641.328 GC heap after
{Heap after GC invocations=170 (full 0):
 garbage-first heap   total 208896K, used 134519K [0x0000000080000000, 0x0000000100000000)
  region size 1024K, 5 young (5120K), 5 survivors (5120K)
 Metaspace       used 115498K, capacity 118459K, committed 119888K, reserved 1153024K
  class space    used 14089K, capacity 15082K, committed 15616K, reserved 1048576K
}
Event: 9641.334 GC heap before
{Heap before GC invocations=170 (full 0):
 garbage-first heap   total 208896K, used 139639K [0x0000000080000000, 0x0000000100000000)
  region size 1024K, 10 young (10240K), 5 survivors (5120K)
 Metaspace       used 115498K, capacity 118459K, committed 119888K, reserved 1153024K
  class space    used 14089K, capacity 15082K, committed 15616K, reserved 1048576K
}
Event: 9641.379 GC heap after
{Heap after GC invocations=171 (full 0):
 garbage-first heap   total 208896K, used 133128K [0x0000000080000000, 0x0000000100000000)
  region size 1024K, 2 young (2048K), 2 survivors (2048K)
 Metaspace       used 115498K, capacity 118459K, committed 119888K, reserved 1153024K
  class space    used 14089K, capacity 15082K, committed 15616K, reserved 1048576K
}
Event: 9641.410 GC heap before
{Heap before GC invocations=171 (full 0):
 garbage-first heap   total 208896K, used 133128K [0x0000000080000000, 0x0000000100000000)
  region size 1024K, 3 young (3072K), 2 survivors (2048K)
 Metaspace       used 115556K, capacity 118551K, committed 119888K, reserved 1153024K
  class space    used 14089K, capacity 15082K, committed 15616K, reserved 1048576K
}

